uncatch	GH1	AFT80070.1
uncatch	GH1	AJK57678.1
uncatch	GH1	AIY01073.1
uncatch	GH1	CCD02238.1
uncatch	GH1	AKC67963.1
uncatch	GH1	AJE96958.1
uncatch	GH1	ACJ52977.1
uncatch	GH1	AHY53231.1
uncatch	GH1	CAA10354.1
uncatch	GH1	AJG98209.1
uncatch	GH1	ACD51635.1
uncatch	GH1	AFK00952.1
uncatch	GH1	ACL44382.1
uncatch	GH1	AEN66150.1
uncatch	GH1	CBK87056.1
uncatch	GH1	AEX04391.1
uncatch	GH1	AIX80825.1
uncatch	GH1	AKG99908.1
uncatch	GH1	ADC57160.1
uncatch	GH1	CCK22909.1
uncatch	GH1	BAK59751.1
uncatch	GH1	AGV73294.1
uncatch	GH1	ACV40089.1
uncatch	GH1	ADB67573.1
uncatch	GH1	AKG89796.1
uncatch	GH1	AGR09432.1
uncatch	GH1	CCQ19910.1
uncatch	GH1	CCQ19911.1
uncatch	GH1	CCQ19912.1
uncatch	GH1	CCQ20326.1
uncatch	GH1	AFU48603.1
uncatch	GH1	AFU48604.1
uncatch	GH1	AFU48602.1
uncatch	GH1	AEH91355.1
uncatch	GH1	ABI28606.1
uncatch	GH1	ABI28609.1
uncatch	GH1	ABI28636.1
uncatch	GH1	ABI28732.1
uncatch	GH1	ABI28735.1
uncatch	GH1	ABI27444.1
uncatch	GH1	ACL37901.1
uncatch	GH1	ACL37907.1
uncatch	GH1	CAK09657.1
uncatch	GH1	CAM00572.1
uncatch	GH1	AHS86536.1
uncatch	GH1	AHU76567.1
uncatch	GH1	AHS33602.1
uncatch	GH1	ADB41436.1
uncatch	GH1	AKD54582.1
uncatch	GH1	ABA44523.1
uncatch	GH1	AFC95596.1
uncatch	GH1	ACO23333.1
uncatch	GH1	AKP81907.1
uncatch	GH1	AFC68725.1
uncatch	GH1	CAM30928.1
uncatch	GH1	CCB95369.1
uncatch	GH1	ABP90455.1
uncatch	GH1	AIG43936.1
uncatch	GH1	CAZ55352.1
uncatch	GH1	AEF84550.1
uncatch	GH1	AAC39504.1
uncatch	GH1	CBD31891.1
uncatch	GH1	BAH02545.1
uncatch	GH1	AEB61486.1
uncatch	GH1	CAP91982.1
uncatch	GH1	AHZ59661.1
uncatch	GH1	AHZ59673.1
uncatch	GH3	AFI87695.1
uncatch	GH3	AGA76686.1
uncatch	GH3	AGX37340.1
uncatch	GH3	AJC03752.1
uncatch	GH3	AGN13789.1
uncatch	GH3	AIB46743.1
uncatch	GH3	AII88794.1
uncatch	GH3	AAZ33390.1
uncatch	GH3	AHU74861.1
uncatch	GH3	AHP24212.1
uncatch	GH3	ABP92327.1
uncatch	GH3	BAL32776.1
uncatch	GH3	ADC36136.1
uncatch	GH3	AHF25279.1
uncatch	GH3	AKO09848.1
uncatch	GH3	CEF71930.1
uncatch	GH3	AAN39016.1
uncatch	GH4	ADB63434.1
uncatch	GH4	ADV93826.1
uncatch	GH4	ADV95806.1
uncatch	GH4	AJD38283.1
uncatch	GH4	AEY68140.1
uncatch	GH4	AHB60250.1
uncatch	GH4	AFS86612.1
uncatch	GH4	ACI34916.1
uncatch	GH4	AIT01587.1
uncatch	GH4	AIE22772.1
uncatch	GH4	AIG81568.1
uncatch	GH4	AIG84012.1
uncatch	GH4	AHP93632.1
uncatch	GH4	AIT50753.1
uncatch	GH4	AKE10378.1
uncatch	GH4	AGB20015.1
uncatch	GH4	AKE27709.1
uncatch	GH4	AHF26924.1
uncatch	GH4	ABU72537.1
uncatch	GH4	AKB06676.1
uncatch	GH5	BAA00859.1
uncatch	GH5	AGA76691.1
uncatch	GH5	AIQ54513.1
uncatch	GH5	AKC86660.1
uncatch	GH5	ADM73382.1
uncatch	GH5	AFH40577.1
uncatch	GH5	AGZ63665.1
uncatch	GH5	AGZ63751.1
uncatch	GH5	BAM45044.1
uncatch	GH5	ABD82186.1
uncatch	GH5	AFV00496.1
uncatch	GH5	ADB39093.1
uncatch	GH5	AGW99968.1
uncatch	GH5	AJZ37833.1
uncatch	GH5	AJD66939.1
uncatch	GH5	AEQ58922.1
uncatch	GH5	EAL88072.1
uncatch	GH5	CAG87248.1
uncatch	GH5	AET40316.1
uncatch	GH5	CEF85597.1
uncatch	GH5	AHW98762.1
uncatch	GH5	AAD56392.1
uncatch	GH5	BAK05001.1
uncatch	GH5	CCK68759.1
uncatch	GH5	ABR27262.1
uncatch	GH5	EEY55816.1
uncatch	GH5	AJU97244.1
uncatch	GH5	AJV03562.1
uncatch	GH5	AJR50963.1
uncatch	GH5	AJV64731.1
uncatch	GH5	AJT73556.1
uncatch	GH5	AJU69987.1
uncatch	GH5	AJV81606.1
uncatch	GH5	AJT82396.1
uncatch	GH5	AEQ16450.1
uncatch	GH5	BAF57457.1
uncatch	GH5	CAN74231.1
uncatch	GH5	CED85254.1
uncatch	GH5	ACG42480.1
uncatch	GH6	ACU93675.1
uncatch	GH6	AAE63612.1
uncatch	GH6	CBI69363.1
uncatch	GH6	BAH08705.1
uncatch	GH6	BAJ65326.1
uncatch	GH6	AAF34679.1
uncatch	GH7	ABY61336.1
uncatch	GH7	EAA27195.1
uncatch	GH7	AGJ81161.1
uncatch	GH7	ACJ53631.1
uncatch	GH7	CBK52755.1
uncatch	GH7	CBK52773.1
uncatch	GH7	CBK52783.1
uncatch	GH7	AEM25440.1
uncatch	GH7	AEM26211.1
uncatch	GH7	AEM26222.1
uncatch	GH7	AEM26227.1
uncatch	GH7	AEM26316.1
uncatch	GH7	AEM26458.1
uncatch	GH7	AEM26489.1
uncatch	GH7	AEM26662.1
uncatch	GH7	AEM26819.1
uncatch	GH7	AEM26961.1
uncatch	GH7	AEM26972.1
uncatch	GH7	AEM27237.1
uncatch	GH7	AEM27257.1
uncatch	GH7	AEM27321.1
uncatch	GH7	AEM28312.1
uncatch	GH7	AEM28770.1
uncatch	GH7	AEM29025.1
uncatch	GH7	AEM29156.1
uncatch	GH7	AEM29161.1
uncatch	GH7	AEM29469.1
uncatch	GH7	AEM29887.1
uncatch	GH7	AEM30016.1
un